D:\fast-api\.venv\Lib\site-packages\starlette\_exception_handler.py:59: StarletteDeprecationWarning: 'HTTP_422_UNPROCESSABLE_ENTITY' is deprecated. Use 'HTTP_422_UNPROCESSABLE_CONTENT' instead.
  response = await handler(conn, exc)  # type: ignore[arg-type]
D:\fast-api\.venv\Lib\site-packages\starlette\_exception_handler.py:59: StarletteDeprecationWarning: 'HTTP_422_UNPROCESSABLE_ENTITY' is deprecated. Use 'HTTP_422_UNPROCESSABLE_CONTENT' instead.
  response = await handler(conn, exc)  # type: ignore[arg-type]
Warning: You are sending unauthenticated requests to the HF Hub. Please set a HF_TOKEN to enable higher rate limits and faster downloads.
ERROR:    Exception in ASGI application
Traceback (most recent call last):
  File "D:\fast-api\.venv\Lib\site-packages\uvicorn\protocols\http\httptools_impl.py", line 416, in run_asgi
    result = await app(  # type: ignore[func-returns-value]
             ^^^^^^^^^^^^^^^^^^^^^^^^^^^^^^^^^^^^^^^^^^^^^^
        self.scope, self.receive, self.send
        ^^^^^^^^^^^^^^^^^^^^^^^^^^^^^^^^^^^
    )
    ^
  File "D:\fast-api\.venv\Lib\site-packages\uvicorn\middleware\proxy_headers.py", line 60, in __call__
    return await self.app(scope, receive, send)
           ^^^^^^^^^^^^^^^^^^^^^^^^^^^^^^^^^^^^
  File "D:\fast-api\.venv\Lib\site-packages\fastapi\applications.py", line 1159, in __call__
    await super().__call__(scope, receive, send)
  File "D:\fast-api\.venv\Lib\site-packages\starlette\applications.py", line 90, in __call__
    await self.middleware_stack(scope, receive, send)
  File "D:\fast-api\.venv\Lib\site-packages\starlette\middleware\errors.py", line 186, in __call__
    raise exc
  File "D:\fast-api\.venv\Lib\site-packages\starlette\middleware\errors.py", line 164, in __call__
    await self.app(scope, receive, _send)
  File "D:\fast-api\.venv\Lib\site-packages\starlette\middleware\base.py", line 198, in __call__
    raise app_exc
  File "D:\fast-api\.venv\Lib\site-packages\starlette\middleware\base.py", line 144, in coro
    await self.app(scope, receive_or_disconnect, send_no_error)
  File "D:\fast-api\.venv\Lib\site-packages\starlette\middleware\trustedhost.py", line 36, in __call__
    await self.app(scope, receive, send)
  File "D:\fast-api\.venv\Lib\site-packages\starlette\middleware\base.py", line 198, in __call__
    raise app_exc
  File "D:\fast-api\.venv\Lib\site-packages\starlette\middleware\base.py", line 144, in coro
    await self.app(scope, receive_or_disconnect, send_no_error)
  File "D:\fast-api\.venv\Lib\site-packages\starlette\middleware\base.py", line 198, in __call__
    raise app_exc
  File "D:\fast-api\.venv\Lib\site-packages\starlette\middleware\base.py", line 144, in coro
    await self.app(scope, receive_or_disconnect, send_no_error)
  File "D:\fast-api\.venv\Lib\site-packages\starlette\middleware\base.py", line 198, in __call__
    raise app_exc
  File "D:\fast-api\.venv\Lib\site-packages\starlette\middleware\base.py", line 144, in coro
    await self.app(scope, receive_or_disconnect, send_no_error)
  File "D:\fast-api\.venv\Lib\site-packages\starlette\middleware\exceptions.py", line 63, in __call__
    await wrap_app_handling_exceptions(self.app, conn)(scope, receive, send)
  File "D:\fast-api\.venv\Lib\site-packages\starlette\_exception_handler.py", line 53, in wrapped_app
    raise exc
  File "D:\fast-api\.venv\Lib\site-packages\starlette\_exception_handler.py", line 42, in wrapped_app
    await app(scope, receive, sender)
  File "D:\fast-api\.venv\Lib\site-packages\fastapi\middleware\asyncexitstack.py", line 18, in __call__
    await self.app(scope, receive, send)
  File "D:\fast-api\.venv\Lib\site-packages\starlette\routing.py", line 660, in __call__
    await self.middleware_stack(scope, receive, send)
  File "D:\fast-api\.venv\Lib\site-packages\starlette\routing.py", line 680, in app
    await route.handle(scope, receive, send)
  File "D:\fast-api\.venv\Lib\site-packages\starlette\routing.py", line 448, in handle
    await self.app(scope, receive, send)
  File "D:\fast-api\.venv\Lib\site-packages\fastapi\applications.py", line 1159, in __call__
    await super().__call__(scope, receive, send)
  File "D:\fast-api\.venv\Lib\site-packages\starlette\applications.py", line 90, in __call__
    await self.middleware_stack(scope, receive, send)
  File "D:\fast-api\.venv\Lib\site-packages\starlette\middleware\errors.py", line 186, in __call__
    raise exc
  File "D:\fast-api\.venv\Lib\site-packages\starlette\middleware\errors.py", line 164, in __call__
    await self.app(scope, receive, _send)
  File "D:\fast-api\.venv\Lib\site-packages\starlette\middleware\cors.py", line 88, in __call__
    await self.app(scope, receive, send)
  File "D:\fast-api\.venv\Lib\site-packages\starlette\middleware\base.py", line 193, in __call__
    response = await self.dispatch_func(request, call_next)
               ^^^^^^^^^^^^^^^^^^^^^^^^^^^^^^^^^^^^^^^^^^^^
  File "D:\fast-api\rag\core\middleware.py", line 29, in dispatch
    response = await call_next(request)
               ^^^^^^^^^^^^^^^^^^^^^^^^
  File "D:\fast-api\.venv\Lib\site-packages\starlette\middleware\base.py", line 168, in call_next
    raise app_exc from app_exc.__cause__ or app_exc.__context__
  File "D:\fast-api\.venv\Lib\site-packages\starlette\middleware\base.py", line 144, in coro
    await self.app(scope, receive_or_disconnect, send_no_error)
  File "D:\fast-api\.venv\Lib\site-packages\starlette\middleware\exceptions.py", line 63, in __call__
    await wrap_app_handling_exceptions(self.app, conn)(scope, receive, send)
  File "D:\fast-api\.venv\Lib\site-packages\starlette\_exception_handler.py", line 53, in wrapped_app
    raise exc
  File "D:\fast-api\.venv\Lib\site-packages\starlette\_exception_handler.py", line 42, in wrapped_app
    await app(scope, receive, sender)
  File "D:\fast-api\.venv\Lib\site-packages\fastapi\middleware\asyncexitstack.py", line 18, in __call__
    await self.app(scope, receive, send)
  File "D:\fast-api\.venv\Lib\site-packages\starlette\routing.py", line 660, in __call__
    await self.middleware_stack(scope, receive, send)
  File "D:\fast-api\.venv\Lib\site-packages\starlette\routing.py", line 680, in app
    await route.handle(scope, receive, send)
  File "D:\fast-api\.venv\Lib\site-packages\starlette\routing.py", line 276, in handle
    await self.app(scope, receive, send)
  File "D:\fast-api\.venv\Lib\site-packages\fastapi\routing.py", line 134, in app
    await wrap_app_handling_exceptions(app, request)(scope, receive, send)
  File "D:\fast-api\.venv\Lib\site-packages\starlette\_exception_handler.py", line 53, in wrapped_app
    raise exc
  File "D:\fast-api\.venv\Lib\site-packages\starlette\_exception_handler.py", line 42, in wrapped_app
    await app(scope, receive, sender)
  File "D:\fast-api\.venv\Lib\site-packages\fastapi\routing.py", line 120, in app
    response = await f(request)
               ^^^^^^^^^^^^^^^^
  File "D:\fast-api\.venv\Lib\site-packages\fastapi\routing.py", line 674, in app
    raw_response = await run_endpoint_function(
                   ^^^^^^^^^^^^^^^^^^^^^^^^^^^^
    ...<3 lines>...
    )
    ^
  File "D:\fast-api\.venv\Lib\site-packages\fastapi\routing.py", line 328, in run_endpoint_function
    return await dependant.call(**values)
           ^^^^^^^^^^^^^^^^^^^^^^^^^^^^^^
  File "D:\fast-api\rag\api\v1\documents.py", line 36, in upload_document
    document = await run_in_threadpool(
               ^^^^^^^^^^^^^^^^^^^^^^^^
        service.ingest_pdf, filename=file.filename or "upload.pdf", data=data
        ^^^^^^^^^^^^^^^^^^^^^^^^^^^^^^^^^^^^^^^^^^^^^^^^^^^^^^^^^^^^^^^^^^^^^
    )
    ^
  File "D:\fast-api\.venv\Lib\site-packages\starlette\concurrency.py", line 34, in run_in_threadpool
    return await anyio.to_thread.run_sync(func)
           ^^^^^^^^^^^^^^^^^^^^^^^^^^^^^^^^^^^^
  File "D:\fast-api\.venv\Lib\site-packages\anyio\to_thread.py", line 63, in run_sync
    return await get_async_backend().run_sync_in_worker_thread(
           ^^^^^^^^^^^^^^^^^^^^^^^^^^^^^^^^^^^^^^^^^^^^^^^^^^^^
        func, args, abandon_on_cancel=abandon_on_cancel, limiter=limiter
        ^^^^^^^^^^^^^^^^^^^^^^^^^^^^^^^^^^^^^^^^^^^^^^^^^^^^^^^^^^^^^^^^
    )
    ^
  File "D:\fast-api\.venv\Lib\site-packages\anyio\_backends\_asyncio.py", line 2596, in run_sync_in_worker_thread
    return await future
           ^^^^^^^^^^^^
  File "D:\fast-api\.venv\Lib\site-packages\anyio\_backends\_asyncio.py", line 1029, in run
    result = context.run(func, *args)
  File "D:\fast-api\rag\services\rag_service.py", line 104, in ingest_pdf
    embeddings = self._embedder.embed_documents([c.text for c in chunks])
  File "D:\fast-api\rag\repositories\sentence_transformer_embedder.py", line 68, in embed_documents
    return self._encode(list(texts))
           ~~~~~~~~~~~~^^^^^^^^^^^^^
  File "D:\fast-api\rag\repositories\sentence_transformer_embedder.py", line 76, in _encode
    model = self._ensure_model()
  File "D:\fast-api\rag\repositories\sentence_transformer_embedder.py", line 62, in _ensure_model
    model = SentenceTransformer(self._model_name)
  File "D:\fast-api\.venv\Lib\site-packages\sentence_transformers\util\decorators.py", line 41, in wrapper
    return func(*args, **kwargs)
  File "D:\fast-api\.venv\Lib\site-packages\sentence_transformers\sentence_transformer\model.py", line 188, in __init__
    super().__init__(
    ~~~~~~~~~~~~~~~~^
        model_name_or_path=model_name_or_path,
        ^^^^^^^^^^^^^^^^^^^^^^^^^^^^^^^^^^^^^^
    ...<13 lines>...
        default_prompt_name=default_prompt_name,
        ^^^^^^^^^^^^^^^^^^^^^^^^^^^^^^^^^^^^^^^^
    )
    ^
  File "D:\fast-api\.venv\Lib\site-packages\sentence_transformers\base\model.py", line 216, in __init__
    modules, self.module_kwargs = self._load_modules(
                                  ~~~~~~~~~~~~~~~~~~^
        model_name_or_path,
        ^^^^^^^^^^^^^^^^^^^
    ...<7 lines>...
        config_kwargs=config_kwargs,
        ^^^^^^^^^^^^^^^^^^^^^^^^^^^^
    )
    ^
  File "D:\fast-api\.venv\Lib\site-packages\sentence_transformers\base\model.py", line 1002, in _load_modules
    return self._load_config_modules(model_name_or_path, **load_kwargs)
           ~~~~~~~~~~~~~~~~~~~~~~~~~^^^^^^^^^^^^^^^^^^^^^^^^^^^^^^^^^^^
  File "D:\fast-api\.venv\Lib\site-packages\sentence_transformers\base\model.py", line 1208, in _load_config_modules
    module = module_class.load(
        model_name_or_path,
    ...<11 lines>...
        backend=self.backend,
    )
  File "D:\fast-api\.venv\Lib\site-packages\sentence_transformers\base\modules\transformer.py", line 2030, in load
    return cls(model_name_or_path=model_name_or_path, **init_kwargs)
  File "D:\fast-api\.venv\Lib\site-packages\sentence_transformers\util\decorators.py", line 87, in wrapper
    return func(*args, **kwargs)
  File "D:\fast-api\.venv\Lib\site-packages\sentence_transformers\base\modules\transformer.py", line 654, in __init__
    self.model = self._load_model(
                 ~~~~~~~~~~~~~~~~^
        model_name_or_path, transformer_task, config, backend, is_peft_model, **model_kwargs
        ^^^^^^^^^^^^^^^^^^^^^^^^^^^^^^^^^^^^^^^^^^^^^^^^^^^^^^^^^^^^^^^^^^^^^^^^^^^^^^^^^^^^
    )
    ^
  File "D:\fast-api\.venv\Lib\site-packages\sentence_transformers\base\modules\transformer.py", line 1736, in _load_model
    return model_cls.from_pretrained(model_name_or_path, config=config, **model_kwargs)
           ~~~~~~~~~~~~~~~~~~~~~~~~~^^^^^^^^^^^^^^^^^^^^^^^^^^^^^^^^^^^^^^^^^^^^^^^^^^^
  File "D:\fast-api\.venv\Lib\site-packages\transformers\models\auto\auto_factory.py", line 402, in from_pretrained
    return model_class.from_pretrained(
           ~~~~~~~~~~~~~~~~~~~~~~~~~~~^
        pretrained_model_name_or_path, *model_args, config=config, **hub_kwargs, **kwargs
        ^^^^^^^^^^^^^^^^^^^^^^^^^^^^^^^^^^^^^^^^^^^^^^^^^^^^^^^^^^^^^^^^^^^^^^^^^^^^^^^^^
    )
    ^
  File "D:\fast-api\.venv\Lib\site-packages\transformers\modeling_utils.py", line 4368, in from_pretrained
    loading_info, disk_offload_index = cls._load_pretrained_model(model, state_dict, checkpoint_files, load_config)
                                       ~~~~~~~~~~~~~~~~~~~~~~~~~~^^^^^^^^^^^^^^^^^^^^^^^^^^^^^^^^^^^^^^^^^^^^^^^^^^
  File "D:\fast-api\.venv\Lib\site-packages\transformers\modeling_utils.py", line 4490, in _load_pretrained_model
    file_pointer = safe_open(file, framework="pt", device=device, backend=backend)
OSError: The paging file is too small for this operation to complete. (os error 1455)
Loading weights:   0%|          | 0/103 [00:00<?, ?it/s]Loading weights:  48%|####7     | 49/103 [00:00<00:00, 197.17it/s]Loading weights: 100%|##########| 103/103 [00:00<00:00, 339.90it/s]
D:\fast-api\rag\repositories\sentence_transformer_embedder.py:64: FutureWarning: The `get_sentence_embedding_dimension` method has been renamed to `get_embedding_dimension`.
  self._dimension = int(model.get_sentence_embedding_dimension())
D:\fast-api\.venv\Lib\site-packages\starlette\_exception_handler.py:59: StarletteDeprecationWarning: 'HTTP_422_UNPROCESSABLE_ENTITY' is deprecated. Use 'HTTP_422_UNPROCESSABLE_CONTENT' instead.
  response = await handler(conn, exc)  # type: ignore[arg-type]
